<?xml version="1.0" encoding="UTF-8"?>
<!-- Generated by org.testng.reporters.JUnitXMLReporter -->
<testsuite hostname="HANUMA-O6S338O" ignored="0" name="RegressionTest" tests="4" failures="0" timestamp="23 Sep 2021 18:38:41 GMT" time="0.107" errors="0">
  <testcase name="TC_HOME_001" time="0.02" classname="com.demo.testng_suite.TC_Home"/>
  <testcase name="TC_HOME_002" time="0.006" classname="com.demo.testng_suite.TC_Home"/>
  <testcase name="TC_Widget_001" time="0.003" classname="com.demo.testng_suite.TC_Widget"/>
  <testcase name="TC_Widget_002" time="0.001" classname="com.demo.testng_suite.TC_Widget"/>
</testsuite> <!-- RegressionTest -->
