<?xml version="1.0" encoding="UTF-8"?>
<!-- Generated by org.testng.reporters.JUnitXMLReporter -->
<testsuite hostname="HANUMA-O6S338O" ignored="0" name="Default test" tests="4" failures="0" timestamp="23 Sep 2021 19:14:23 GMT" time="0.083" errors="0">
  <testcase name="TC_Widget_001" time="0.018" classname="com.demo.testng_suite.TC_Widget"/>
  <testcase name="TC_Widget_002" time="0.004" classname="com.demo.testng_suite.TC_Widget"/>
  <testcase name="TC_Widget_003" time="0.003" classname="com.demo.testng_suite.TC_Widget"/>
  <testcase name="TC_Widget_004" time="0.002" classname="com.demo.testng_suite.TC_Widget"/>
</testsuite> <!-- Default test -->
