<?xml version="1.0" encoding="UTF-8"?>
<!-- Generated by org.testng.reporters.JUnitXMLReporter -->
<testsuite hostname="HANUMA-O6S338O" ignored="2" name="Home test cases" tests="2" failures="0" timestamp="08 Nov 2021 17:37:54 GMT" time="0.201" errors="0">
  <testcase name="TC_HOME_001" time="0.024" classname="com.demo.testng_suite.TC_Home"/>
  <testcase name="TC_HOME_004" time="0.004" classname="com.demo.testng_suite.TC_Home"/>
  <testcase name="TC_HOME_002" time="0.0" classname="com.demo.testng_suite.TC_Home">
    <ignored/>
  </testcase> <!-- TC_HOME_002 -->
  <testcase name="TC_HOME_003" time="0.0" classname="com.demo.testng_suite.TC_Home">
    <ignored/>
  </testcase> <!-- TC_HOME_003 -->
</testsuite> <!-- Home test cases -->
