<?xml version="1.0" encoding="UTF-8"?>
<!-- Generated by org.testng.reporters.JUnitXMLReporter -->
<testsuite hostname="HANUMA-O6S338O" ignored="3" name="Widget test cases" tests="1" failures="0" timestamp="08 Nov 2021 17:37:54 GMT" time="0.012" errors="0">
  <testcase name="TC_Widget_004" time="0.004" classname="com.demo.testng_suite.TC_Widget"/>
  <testcase name="TC_Widget_001" time="0.0" classname="com.demo.testng_suite.TC_Widget">
    <ignored/>
  </testcase> <!-- TC_Widget_001 -->
  <testcase name="TC_Widget_002" time="0.0" classname="com.demo.testng_suite.TC_Widget">
    <ignored/>
  </testcase> <!-- TC_Widget_002 -->
  <testcase name="TC_Widget_003" time="0.0" classname="com.demo.testng_suite.TC_Widget">
    <ignored/>
  </testcase> <!-- TC_Widget_003 -->
</testsuite> <!-- Widget test cases -->
