<?xml version="1.0" encoding="UTF-8"?>
<!-- Generated by org.testng.reporters.JUnitXMLReporter -->
<testsuite hostname="HANUMA-O6S338O" ignored="0" name="Home test cases" tests="4" failures="0" timestamp="23 Sep 2021 19:08:05 GMT" time="0.1" errors="0">
  <testcase name="TC_HOME_001" time="0.022" classname="com.demo.testng_suite.TC_Home"/>
  <testcase name="TC_HOME_002" time="0.007" classname="com.demo.testng_suite.TC_Home"/>
  <testcase name="TC_HOME_003" time="0.003" classname="com.demo.testng_suite.TC_Home"/>
  <testcase name="TC_HOME_004" time="0.004" classname="com.demo.testng_suite.TC_Home"/>
</testsuite> <!-- Home test cases -->
